Command line:
   BCD_7_isim_beh.exe
     -simmode  gui
     -simrunnum  1
     -socket  56470

Fri Apr 05 16:20:11 2024


 Elaboration Time: 0.015625 sec

 Current Memory Usage: 5151.1 Meg

 Total Signals          : 3
 Total Nets             : 15
 Total Signal Drivers   : 2
 Total Blocks           : 2
 Total Primitive Blocks : 2
 Total Processes        : 2
 Total Traceable Variables  : 8
 Total Scalar Nets and Variables : 375
Total Line Count : 2

 Total Simulation Time: 0.015625 sec

 Current Memory Usage: 5151.1 Meg

Fri Apr 05 16:20:17 2024

