Release 14.7 - xst P.20131013 (nt64)
Copyright (c) 1995-2013 Xilinx, Inc.  All rights reserved.
--> Parameter TMPDIR set to xst/projnav.tmp


Total REAL time to Xst completion: 0.00 secs
Total CPU time to Xst completion: 0.07 secs
 
--> Parameter xsthdpdir set to xst


Total REAL time to Xst completion: 0.00 secs
Total CPU time to Xst completion: 0.07 secs
 
--> Reading design: ORDENADOR_BINARIO.prj

TABLE OF CONTENTS
  1) Synthesis Options Summary
  2) HDL Compilation
  3) Design Hierarchy Analysis
  4) HDL Analysis
  5) HDL Synthesis
     5.1) HDL Synthesis Report
  6) Advanced HDL Synthesis
     6.1) Advanced HDL Synthesis Report
  7) Low Level Synthesis
  8) Partition Report
  9) Final Report
	9.1) Device utilization summary
	9.2) Partition Resource Summary
	9.3) TIMING REPORT


=========================================================================
*                      Synthesis Options Summary                        *
=========================================================================
---- Source Parameters
Input File Name                    : "ORDENADOR_BINARIO.prj"
Input Format                       : mixed
Ignore Synthesis Constraint File   : NO

---- Target Parameters
Output File Name                   : "ORDENADOR_BINARIO"
Output Format                      : NGC
Target Device                      : xc3s500e-5-fg320

---- Source Options
Top Module Name                    : ORDENADOR_BINARIO
Automatic FSM Extraction           : YES
FSM Encoding Algorithm             : Auto
Safe Implementation                : No
FSM Style                          : LUT
RAM Extraction                     : Yes
RAM Style                          : Auto
ROM Extraction                     : Yes
Mux Style                          : Auto
Decoder Extraction                 : YES
Priority Encoder Extraction        : Yes
Shift Register Extraction          : YES
Logical Shifter Extraction         : YES
XOR Collapsing                     : YES
ROM Style                          : Auto
Mux Extraction                     : Yes
Resource Sharing                   : YES
Asynchronous To Synchronous        : NO
Multiplier Style                   : Auto
Automatic Register Balancing       : No

---- Target Options
Add IO Buffers                     : YES
Global Maximum Fanout              : 100000
Add Generic Clock Buffer(BUFG)     : 24
Register Duplication               : YES
Slice Packing                      : YES
Optimize Instantiated Primitives   : NO
Use Clock Enable                   : Yes
Use Synchronous Set                : Yes
Use Synchronous Reset              : Yes
Pack IO Registers into IOBs        : Auto
Equivalent register Removal        : YES

---- General Options
Optimization Goal                  : Speed
Optimization Effort                : 1
Keep Hierarchy                     : No
Netlist Hierarchy                  : As_Optimized
RTL Output                         : Yes
Global Optimization                : AllClockNets
Read Cores                         : YES
Write Timing Constraints           : NO
Cross Clock Analysis               : NO
Hierarchy Separator                : /
Bus Delimiter                      : <>
Case Specifier                     : Maintain
Slice Utilization Ratio            : 100
BRAM Utilization Ratio             : 100
Verilog 2001                       : YES
Auto BRAM Packing                  : NO
Slice Utilization Ratio Delta      : 5

=========================================================================


=========================================================================
*                          HDL Compilation                              *
=========================================================================
Compiling vhdl file "C:/Users/Rian/Documents/MICROELETRONICA/LAB2/ORDENADOR_BINARIO/ORDENADOR_BINARIO.vhd" in Library work.
Entity <ordenador_binario> compiled.
Entity <ordenador_binario> (Architecture <behavioral>) compiled.

=========================================================================
*                     Design Hierarchy Analysis                         *
=========================================================================
Analyzing hierarchy for entity <ORDENADOR_BINARIO> in library <work> (architecture <behavioral>) with generics.
	N = 8


=========================================================================
*                            HDL Analysis                               *
=========================================================================
Analyzing generic Entity <ORDENADOR_BINARIO> in library <work> (Architecture <behavioral>).
	N = 8
Entity <ORDENADOR_BINARIO> analyzed. Unit <ORDENADOR_BINARIO> generated.


=========================================================================
*                           HDL Synthesis                               *
=========================================================================

Performing bidirectional port resolution...

Synthesizing Unit <ORDENADOR_BINARIO>.
    Related source file is "C:/Users/Rian/Documents/MICROELETRONICA/LAB2/ORDENADOR_BINARIO/ORDENADOR_BINARIO.vhd".
    Found 4-bit adder for signal <cont_2$addsub0000> created at line 20.
    Found 4-bit adder for signal <cont_3$addsub0000> created at line 20.
    Found 4-bit adder for signal <cont_4$addsub0000> created at line 20.
    Found 4-bit adder for signal <cont_5$addsub0000> created at line 20.
    Found 4-bit adder for signal <cont_6$addsub0000> created at line 20.
    Found 4-bit adder for signal <cont_7$addsub0000> created at line 20.
    Found 4-bit adder for signal <cont_8$addsub0000> created at line 20.
    Found 4-bit comparator greater for signal <VETOR_ORDENADOR_0$cmp_lt0000> created at line 24.
    Found 4-bit comparator greater for signal <VETOR_ORDENADOR_1$cmp_lt0000> created at line 24.
    Found 4-bit comparator greater for signal <VETOR_ORDENADOR_2$cmp_lt0000> created at line 24.
    Found 4-bit comparator greater for signal <VETOR_ORDENADOR_3$cmp_lt0000> created at line 24.
    Found 4-bit comparator greater for signal <VETOR_ORDENADOR_4$cmp_lt0000> created at line 24.
    Found 4-bit comparator greater for signal <VETOR_ORDENADOR_5$cmp_lt0000> created at line 24.
    Found 4-bit comparator greater for signal <VETOR_ORDENADOR_6$cmp_lt0000> created at line 24.
    Found 4-bit comparator greater for signal <VETOR_ORDENADOR_7$cmp_lt0000> created at line 24.
    Summary:
	inferred   7 Adder/Subtractor(s).
	inferred   8 Comparator(s).
Unit <ORDENADOR_BINARIO> synthesized.


=========================================================================
HDL Synthesis Report

Macro Statistics
# Adders/Subtractors                                   : 7
 4-bit adder                                           : 7
# Comparators                                          : 8
 4-bit comparator greater                              : 8

=========================================================================

=========================================================================
*                       Advanced HDL Synthesis                          *
=========================================================================


=========================================================================
Advanced HDL Synthesis Report

Macro Statistics
# Adders/Subtractors                                   : 7
 4-bit adder                                           : 7
# Comparators                                          : 8
 4-bit comparator greater                              : 8

=========================================================================

=========================================================================
*                         Low Level Synthesis                           *
=========================================================================

Optimizing unit <ORDENADOR_BINARIO> ...

Mapping all equations...
Building and optimizing final netlist ...
Found area constraint ratio of 100 (+ 5) on block ORDENADOR_BINARIO, actual ratio is 0.

Final Macro Processing ...

=========================================================================
Final Register Report

Found no macro
=========================================================================

=========================================================================
*                           Partition Report                            *
=========================================================================

Partition Implementation Status
-------------------------------

  No Partitions were found in this design.

-------------------------------

=========================================================================
*                            Final Report                               *
=========================================================================
Final Results
RTL Top Level Output File Name     : ORDENADOR_BINARIO.ngr
Top Level Output File Name         : ORDENADOR_BINARIO
Output Format                      : NGC
Optimization Goal                  : Speed
Keep Hierarchy                     : No

Design Statistics
# IOs                              : 16

Cell Usage :
# BELS                             : 26
#      GND                         : 1
#      LUT3                        : 8
#      LUT4                        : 16
#      MUXF5                       : 1
# IO Buffers                       : 16
#      IBUF                        : 8
#      OBUF                        : 8
=========================================================================

Device utilization summary:
---------------------------

Selected Device : 3s500efg320-5 

 Number of Slices:                       14  out of   4656     0%  
 Number of 4 input LUTs:                 24  out of   9312     0%  
 Number of IOs:                          16
 Number of bonded IOBs:                  16  out of    232     6%  

---------------------------
Partition Resource Summary:
---------------------------

  No Partitions were found in this design.

---------------------------


=========================================================================
TIMING REPORT

NOTE: THESE TIMING NUMBERS ARE ONLY A SYNTHESIS ESTIMATE.
      FOR ACCURATE TIMING INFORMATION PLEASE REFER TO THE TRACE REPORT
      GENERATED AFTER PLACE-and-ROUTE.

Clock Information:
------------------
No clock signals found in this design

Asynchronous Control Signals Information:
----------------------------------------
No asynchronous control signals found in this design

Timing Summary:
---------------
Speed Grade: -5

   Minimum period: No path found
   Minimum input arrival time before clock: No path found
   Maximum output required time after clock: No path found
   Maximum combinational path delay: 11.840ns

Timing Detail:
--------------
All values displayed in nanoseconds (ns)

=========================================================================
Timing constraint: Default path analysis
  Total number of paths / destination ports: 1052 / 8
-------------------------------------------------------------------------
Delay:               11.840ns (Levels of Logic = 8)
  Source:            INPUT<0> (PAD)
  Destination:       OUTPUT<7> (PAD)

  Data Path: INPUT<0> to OUTPUT<7>
                                Gate     Net
    Cell:in->out      fanout   Delay   Delay  Logical Name (Net Name)
    ----------------------------------------  ------------
     IBUF:I->O             5   1.106   0.690  INPUT_0_IBUF (INPUT_0_IBUF)
     LUT4:I0->O            3   0.612   0.603  cont_4_mux0000<1>1 (Madd_cont_5_addsub0000_lut<1>)
     LUT4:I0->O            1   0.612   0.387  Madd_cont_6_addsub0000_cy<1>11 (Madd_cont_6_addsub0000_cy<1>)
     LUT3:I2->O            2   0.612   0.532  cont_6_mux0000<2>1 (Madd_cont_7_addsub0000_lut<2>)
     LUT3:I0->O            3   0.612   0.603  cont_7_mux0000<2>1 (Madd_cont_8_addsub0000_lut<2>)
     LUT3:I0->O            6   0.612   0.721  cont_8_mux0000<2>1 (cont<8><2>)
     LUT3:I0->O            1   0.612   0.357  OUTPUT<6>1 (OUTPUT_6_OBUF)
     OBUF:I->O                 3.169          OUTPUT_6_OBUF (OUTPUT<6>)
    ----------------------------------------
    Total                     11.840ns (7.947ns logic, 3.893ns route)
                                       (67.1% logic, 32.9% route)

=========================================================================


Total REAL time to Xst completion: 4.00 secs
Total CPU time to Xst completion: 3.74 secs
 
--> 

Total memory usage is 4514652 kilobytes

Number of errors   :    0 (   0 filtered)
Number of warnings :    0 (   0 filtered)
Number of infos    :    0 (   0 filtered)

