Release 14.7 - xst P.20131013 (nt64)
Copyright (c) 1995-2013 Xilinx, Inc.  All rights reserved.
--> Parameter TMPDIR set to xst/projnav.tmp


Total REAL time to Xst completion: 0.00 secs
Total CPU time to Xst completion: 0.08 secs
 
--> Parameter xsthdpdir set to xst


Total REAL time to Xst completion: 0.00 secs
Total CPU time to Xst completion: 0.08 secs
 
--> Reading design: HAMMING.prj

TABLE OF CONTENTS
  1) Synthesis Options Summary
  2) HDL Compilation
  3) Design Hierarchy Analysis
  4) HDL Analysis
  5) HDL Synthesis
     5.1) HDL Synthesis Report
  6) Advanced HDL Synthesis
     6.1) Advanced HDL Synthesis Report
  7) Low Level Synthesis
  8) Partition Report
  9) Final Report
	9.1) Device utilization summary
	9.2) Partition Resource Summary
	9.3) TIMING REPORT


=========================================================================
*                      Synthesis Options Summary                        *
=========================================================================
---- Source Parameters
Input File Name                    : "HAMMING.prj"
Input Format                       : mixed
Ignore Synthesis Constraint File   : NO

---- Target Parameters
Output File Name                   : "HAMMING"
Output Format                      : NGC
Target Device                      : xc3s500e-5-fg320

---- Source Options
Top Module Name                    : HAMMING
Automatic FSM Extraction           : YES
FSM Encoding Algorithm             : Auto
Safe Implementation                : No
FSM Style                          : LUT
RAM Extraction                     : Yes
RAM Style                          : Auto
ROM Extraction                     : Yes
Mux Style                          : Auto
Decoder Extraction                 : YES
Priority Encoder Extraction        : Yes
Shift Register Extraction          : YES
Logical Shifter Extraction         : YES
XOR Collapsing                     : YES
ROM Style                          : Auto
Mux Extraction                     : Yes
Resource Sharing                   : YES
Asynchronous To Synchronous        : NO
Multiplier Style                   : Auto
Automatic Register Balancing       : No

---- Target Options
Add IO Buffers                     : YES
Global Maximum Fanout              : 100000
Add Generic Clock Buffer(BUFG)     : 24
Register Duplication               : YES
Slice Packing                      : YES
Optimize Instantiated Primitives   : NO
Use Clock Enable                   : Yes
Use Synchronous Set                : Yes
Use Synchronous Reset              : Yes
Pack IO Registers into IOBs        : Auto
Equivalent register Removal        : YES

---- General Options
Optimization Goal                  : Speed
Optimization Effort                : 1
Keep Hierarchy                     : No
Netlist Hierarchy                  : As_Optimized
RTL Output                         : Yes
Global Optimization                : AllClockNets
Read Cores                         : YES
Write Timing Constraints           : NO
Cross Clock Analysis               : NO
Hierarchy Separator                : /
Bus Delimiter                      : <>
Case Specifier                     : Maintain
Slice Utilization Ratio            : 100
BRAM Utilization Ratio             : 100
Verilog 2001                       : YES
Auto BRAM Packing                  : NO
Slice Utilization Ratio Delta      : 5

=========================================================================


=========================================================================
*                          HDL Compilation                              *
=========================================================================
Compiling vhdl file "C:/Users/Rian/Documents/MICROELETRONICA/LAB2/HAMMING/HAMMING.vhd" in Library work.
Entity <HAMMING> compiled.
Entity <HAMMING> (Architecture <Behavioral>) compiled.

=========================================================================
*                     Design Hierarchy Analysis                         *
=========================================================================
Analyzing hierarchy for entity <HAMMING> in library <work> (architecture <Behavioral>) with generics.
	n = 8


=========================================================================
*                            HDL Analysis                               *
=========================================================================
Analyzing generic Entity <HAMMING> in library <work> (Architecture <Behavioral>).
	n = 8
Entity <HAMMING> analyzed. Unit <HAMMING> generated.


=========================================================================
*                           HDL Synthesis                               *
=========================================================================

Performing bidirectional port resolution...

Synthesizing Unit <HAMMING>.
    Related source file is "C:/Users/Rian/Documents/MICROELETRONICA/LAB2/HAMMING/HAMMING.vhd".
    Found 16x7-bit ROM for signal <OUTPUT>.
    Found 4-bit adder for signal <cont_2$addsub0000> created at line 21.
    Found 4-bit adder for signal <cont_3$addsub0000> created at line 21.
    Found 4-bit adder for signal <cont_4$addsub0000> created at line 21.
    Found 4-bit adder for signal <cont_5$addsub0000> created at line 21.
    Found 4-bit adder for signal <cont_6$addsub0000> created at line 21.
    Found 4-bit adder for signal <cont_7$addsub0000> created at line 21.
    Found 4-bit adder for signal <cont_8$addsub0000> created at line 21.
    Summary:
	inferred   1 ROM(s).
	inferred   7 Adder/Subtractor(s).
Unit <HAMMING> synthesized.


=========================================================================
HDL Synthesis Report

Macro Statistics
# ROMs                                                 : 1
 16x7-bit ROM                                          : 1
# Adders/Subtractors                                   : 7
 4-bit adder                                           : 7

=========================================================================

=========================================================================
*                       Advanced HDL Synthesis                          *
=========================================================================


=========================================================================
Advanced HDL Synthesis Report

Macro Statistics
# ROMs                                                 : 1
 16x7-bit ROM                                          : 1
# Adders/Subtractors                                   : 7
 4-bit adder                                           : 7

=========================================================================

=========================================================================
*                         Low Level Synthesis                           *
=========================================================================

Optimizing unit <HAMMING> ...

Mapping all equations...
Building and optimizing final netlist ...
Found area constraint ratio of 100 (+ 5) on block HAMMING, actual ratio is 0.

Final Macro Processing ...

=========================================================================
Final Register Report

Found no macro
=========================================================================

=========================================================================
*                           Partition Report                            *
=========================================================================

Partition Implementation Status
-------------------------------

  No Partitions were found in this design.

-------------------------------

=========================================================================
*                            Final Report                               *
=========================================================================
Final Results
RTL Top Level Output File Name     : HAMMING.ngr
Top Level Output File Name         : HAMMING
Output Format                      : NGC
Optimization Goal                  : Speed
Keep Hierarchy                     : No

Design Statistics
# IOs                              : 19

Cell Usage :
# BELS                             : 37
#      GND                         : 1
#      LUT2                        : 1
#      LUT3                        : 6
#      LUT4                        : 25
#      MUXF5                       : 3
#      VCC                         : 1
# IO Buffers                       : 19
#      IBUF                        : 8
#      OBUF                        : 11
=========================================================================

Device utilization summary:
---------------------------

Selected Device : 3s500efg320-5 

 Number of Slices:                       18  out of   4656     0%  
 Number of 4 input LUTs:                 32  out of   9312     0%  
 Number of IOs:                          19
 Number of bonded IOBs:                  19  out of    232     8%  

---------------------------
Partition Resource Summary:
---------------------------

  No Partitions were found in this design.

---------------------------


=========================================================================
TIMING REPORT

NOTE: THESE TIMING NUMBERS ARE ONLY A SYNTHESIS ESTIMATE.
      FOR ACCURATE TIMING INFORMATION PLEASE REFER TO THE TRACE REPORT
      GENERATED AFTER PLACE-and-ROUTE.

Clock Information:
------------------
No clock signals found in this design

Asynchronous Control Signals Information:
----------------------------------------
No asynchronous control signals found in this design

Timing Summary:
---------------
Speed Grade: -5

   Minimum period: No path found
   Minimum input arrival time before clock: No path found
   Maximum output required time after clock: No path found
   Maximum combinational path delay: 12.923ns

Timing Detail:
--------------
All values displayed in nanoseconds (ns)

=========================================================================
Timing constraint: Default path analysis
  Total number of paths / destination ports: 1329 / 7
-------------------------------------------------------------------------
Delay:               12.923ns (Levels of Logic = 9)
  Source:            INPUT<0> (PAD)
  Destination:       OUTPUT<5> (PAD)

  Data Path: INPUT<0> to OUTPUT<5>
                                Gate     Net
    Cell:in->out      fanout   Delay   Delay  Logical Name (Net Name)
    ----------------------------------------  ------------
     IBUF:I->O             5   1.106   0.690  INPUT_0_IBUF (INPUT_0_IBUF)
     LUT4:I0->O            3   0.612   0.603  cont_4_mux0000<1>1 (Madd_cont_5_addsub0000_lut<1>)
     LUT4:I0->O            1   0.612   0.387  Madd_cont_6_addsub0000_cy<1>11 (Madd_cont_6_addsub0000_cy<1>)
     LUT3:I2->O            5   0.612   0.690  cont_6_mux0000<2>1 (Madd_cont_7_addsub0000_lut<2>)
     LUT3:I0->O            3   0.612   0.603  cont_7_mux0000<2>1 (Madd_cont_8_addsub0000_lut<2>)
     LUT3:I0->O            8   0.612   0.673  cont_8_mux0000<2>1 (cont<8><2>)
     LUT4:I2->O            1   0.612   0.360  Mrom_OUTPUT121 (N2)
     LUT4:I3->O            1   0.612   0.357  Mrom_OUTPUT576 (OUTPUT_5_OBUF)
     OBUF:I->O                 3.169          OUTPUT_5_OBUF (OUTPUT<5>)
    ----------------------------------------
    Total                     12.923ns (8.559ns logic, 4.364ns route)
                                       (66.2% logic, 33.8% route)

=========================================================================


Total REAL time to Xst completion: 4.00 secs
Total CPU time to Xst completion: 3.73 secs
 
--> 

Total memory usage is 4514656 kilobytes

Number of errors   :    0 (   0 filtered)
Number of warnings :    0 (   0 filtered)
Number of infos    :    0 (   0 filtered)

