--------------------------------------------------------------------------------
Release 14.7 Trace  (nt64)
Copyright (c) 1995-2013 Xilinx, Inc.  All rights reserved.

C:\Xilinx\14.7\ISE_DS\ISE\bin\nt64\unwrapped\trce.exe -intstyle ise -v 3 -s 5
-n 3 -fastpaths -xml BCD_7.twx BCD_7.ncd -o BCD_7.twr BCD_7.pcf -ucf pins.ucf

Design file:              BCD_7.ncd
Physical constraint file: BCD_7.pcf
Device,package,speed:     xc3s500e,fg320,-5 (PRODUCTION 1.27 2013-10-13)
Report level:             verbose report

Environment Variable      Effect 
--------------------      ------ 
NONE                      No environment variables were set
--------------------------------------------------------------------------------

INFO:Timing:2698 - No timing constraints found, doing default enumeration.
INFO:Timing:3412 - To improve timing, see the Timing Closure User Guide (UG612).
INFO:Timing:2752 - To get complete path coverage, use the unconstrained paths 
   option. All paths that are not constrained will be reported in the 
   unconstrained paths section(s) of the report.
INFO:Timing:3339 - The clock-to-out numbers in this timing report are based on 
   a 50 Ohm transmission line loading model.  For the details of this model, 
   and for more information on accounting for different loading conditions, 
   please see the device datasheet.
INFO:Timing:3390 - This architecture does not support a default System Jitter 
   value, please add SYSTEM_JITTER constraint to the UCF to modify the Clock 
   Uncertainty calculation.
INFO:Timing:3389 - This architecture does not support 'Discrete Jitter' and 
   'Phase Error' calculations, these terms will be zero in the Clock 
   Uncertainty calculation.  Please make appropriate modification to 
   SYSTEM_JITTER to account for the unsupported Discrete Jitter and Phase 
   Error.



Data Sheet report:
-----------------
All values displayed in nanoseconds (ns)

Pad to Pad
---------------+---------------+---------+
Source Pad     |Destination Pad|  Delay  |
---------------+---------------+---------+
INPUT<0>       |OUTPUT<0>      |    5.358|
INPUT<0>       |OUTPUT<1>      |    5.809|
INPUT<0>       |OUTPUT<2>      |    6.054|
INPUT<0>       |OUTPUT<3>      |    6.287|
INPUT<0>       |OUTPUT<4>      |    6.386|
INPUT<0>       |OUTPUT<5>      |    5.822|
INPUT<0>       |OUTPUT<6>      |    6.134|
INPUT<1>       |OUTPUT<0>      |    6.146|
INPUT<1>       |OUTPUT<1>      |    6.283|
INPUT<1>       |OUTPUT<2>      |    6.484|
INPUT<1>       |OUTPUT<3>      |    6.705|
INPUT<1>       |OUTPUT<4>      |    6.721|
INPUT<1>       |OUTPUT<5>      |    6.218|
INPUT<1>       |OUTPUT<6>      |    6.944|
INPUT<2>       |OUTPUT<0>      |    6.424|
INPUT<2>       |OUTPUT<1>      |    6.684|
INPUT<2>       |OUTPUT<2>      |    6.569|
INPUT<2>       |OUTPUT<3>      |    7.112|
INPUT<2>       |OUTPUT<4>      |    6.949|
INPUT<2>       |OUTPUT<5>      |    6.281|
INPUT<2>       |OUTPUT<6>      |    7.256|
INPUT<3>       |OUTPUT<0>      |    6.201|
INPUT<3>       |OUTPUT<1>      |    6.352|
INPUT<3>       |OUTPUT<2>      |    6.731|
INPUT<3>       |OUTPUT<3>      |    6.807|
INPUT<3>       |OUTPUT<4>      |    6.930|
INPUT<3>       |OUTPUT<5>      |    6.494|
INPUT<3>       |OUTPUT<6>      |    7.028|
---------------+---------------+---------+


Analysis completed Fri Apr 12 16:09:16 2024 
--------------------------------------------------------------------------------

Trace Settings:
-------------------------
Trace Settings 

Peak Memory Usage: 4509 MB



